<?xml version="1.0" encoding="UTF-8"?>
<!-- Generated by org.testng.reporters.JUnitReportReporter -->
<testsuite skipped="0" hostname="DESKTOP-BMUV6UR" name="org.ParameterSuite.Testing4" tests="3" failures="0" timestamp="20 Sep 2022 07:31:23 GMT" time="0.028" errors="0">
  <testcase name="tc03" time="0.005" classname="org.ParameterSuite.Testing4"/>
  <testcase name="tc01" time="0.018" classname="org.ParameterSuite.Testing4"/>
  <testcase name="tc02" time="0.005" classname="org.ParameterSuite.Testing4"/>
</testsuite> <!-- org.ParameterSuite.Testing4 -->
