<?xml version="1.0" encoding="UTF-8"?>
<!-- Generated by org.testng.reporters.JUnitReportReporter -->
<testsuite skipped="0" hostname="DESKTOP-BMUV6UR" name="org.ParameterSuite.Parameter" tests="2" failures="0" timestamp="19 Sep 2022 13:30:56 GMT" time="0.020" errors="0">
  <testcase name="tc02" time="0.017" classname="org.ParameterSuite.Parameter"/>
  <testcase name="tco1" time="0.003" classname="org.ParameterSuite.Parameter"/>
</testsuite> <!-- org.ParameterSuite.Parameter -->
