<?xml version="1.0" encoding="UTF-8"?>
<!-- Generated by org.testng.reporters.JUnitReportReporter -->
<testsuite skipped="0" hostname="DESKTOP-BMUV6UR" name="org.sample.Testing" tests="4" failures="0" timestamp="19 Sep 2022 13:28:22 GMT" time="12.633" errors="0">
  <testcase name="tco3" time="0.017" classname="org.sample.Testing"/>
  <testcase name="tco2" time="0.020" classname="org.sample.Testing"/>
  <testcase name="tco1" time="4.315" classname="org.sample.Testing"/>
  <testcase name="tco1" time="8.281" classname="org.sample.Testing"/>
</testsuite> <!-- org.sample.Testing -->
