<?xml version="1.0" encoding="UTF-8"?>
<!-- Generated by org.testng.reporters.JUnitReportReporter -->
<testsuite skipped="0" hostname="DESKTOP-BMUV6UR" name="org.sample.Testing3" tests="1" failures="0" timestamp="19 Sep 2022 16:50:25 GMT" time="19.172" errors="0">
  <testcase name="app" time="19.172" classname="org.sample.Testing3"/>
</testsuite> <!-- org.sample.Testing3 -->
