<?xml version="1.0" encoding="UTF-8"?>
<!-- Generated by org.testng.reporters.JUnitReportReporter -->
<testsuite skipped="0" hostname="DESKTOP-BMUV6UR" name="org.sample.login" tests="2" failures="0" timestamp="19 Sep 2022 16:37:43 GMT" time="30.056" errors="0">
  <testcase name="book" time="13.660" classname="org.sample.login"/>
  <testcase name="face" time="16.396" classname="org.sample.login"/>
</testsuite> <!-- org.sample.login -->
